<?xml version="1.0" encoding="UTF-8"?>
<!-- Generated by org.testng.reporters.JUnitReportReporter -->
<testsuite skipped="0" hostname="ASD-smirnova" name="com.company.TestNGblock" tests="12" failures="0" timestamp="26 апр 2018 05:50:45 GMT" time="0.020" errors="0">
  <testcase name="assEq3" time="0.000" classname="com.company.TestNGblock"/>
  <testcase name="assEq5" time="0.000" classname="com.company.TestNGblock"/>
  <testcase name="assEq5" time="0.000" classname="com.company.TestNGblock"/>
  <testcase name="assEq3" time="0.000" classname="com.company.TestNGblock"/>
  <testcase name="assEq5" time="0.010" classname="com.company.TestNGblock"/>
  <testcase name="assEq2" time="0.000" classname="com.company.TestNGblock"/>
  <testcase name="assEq3" time="0.000" classname="com.company.TestNGblock"/>
  <testcase name="assEq" time="0.010" classname="com.company.TestNGblock"/>
  <testcase name="dependsOnGroup1" time="0.000" classname="com.company.TestNGblock"/>
  <testcase name="dependOnMethod1" time="0.000" classname="com.company.TestNGblock"/>
  <testcase name="methodNG1" time="0.000" classname="com.company.TestNGblock"/>
  <testcase name="errorMethod" time="0.000" classname="com.company.TestNGblock"/>
</testsuite> <!-- com.company.TestNGblock -->
