<?xml version="1.0" encoding="UTF-8"?>
<!-- Generated by org.testng.reporters.JUnitReportReporter -->
<testsuite skipped="0" hostname="ASD-smirnova" name="com.company.SampleTest" tests="2" failures="0" timestamp="26 апр 2018 05:55:04 GMT" time="0.000" errors="0">
  <testcase name="paramTestOne" time="0.000" classname="com.company.SampleTest"/>
  <testcase name="paramTestTwo" time="0.000" classname="com.company.SampleTest"/>
</testsuite> <!-- com.company.SampleTest -->
